Build started 28.09.2016 15:56:08.
     1>Project "C:\Users\Ermilin.E\Documents\GitHub\mp2-lab1-set\sln\vc10\test_bitfield\test_bitfield.vcxproj" on node 2 (build target(s)).
     1>InitializeBuildStatus:
         Creating "Debug\test_bitfield.unsuccessfulbuild" because "AlwaysCreate" was specified.
       ClCompile:
         c:\Program Files (x86)\Microsoft Visual Studio 10.0\VC\bin\CL.exe /c /I../../../gtest /I../../../include /ZI /nologo /W3 /WX- /Od /Oy- /D WIN32 /D _DEBUG /D _CONSOLE /D _UNICODE /D UNICODE /Gm /EHsc /RTC1 /MDd /GS /fp:precise /Zc:wchar_t /Zc:forScope /Fo"Debug\\" /Fd"Debug\vc100.pdb" /Gd /TP /analyze- /errorReport:prompt ..\..\..\test\test_main.cpp ..\..\..\test\test_tbitfield.cpp ..\..\..\test\test_tset.cpp
         test_tset.cpp
         test_tbitfield.cpp
         test_main.cpp
         Generating Code...
       ManifestResourceCompile:
         c:\Program Files (x86)\Microsoft SDKs\Windows\v7.0A\bin\rc.exe /nologo /fo"Debug\test_bitfield.exe.embed.manifest.res" Debug\test_bitfield_manifest.rc 
       Link:
         c:\Program Files (x86)\Microsoft Visual Studio 10.0\VC\bin\link.exe /ERRORREPORT:PROMPT /OUT:"C:\Users\Ermilin.E\Documents\GitHub\mp2-lab1-set\sln\vc10\Debug\test_bitfield.exe" /INCREMENTAL /NOLOGO /LIBPATH:../Debug gtest.lib bitfield.lib kernel32.lib user32.lib gdi32.lib winspool.lib comdlg32.lib advapi32.lib shell32.lib ole32.lib oleaut32.lib uuid.lib odbc32.lib odbccp32.lib /MANIFEST /ManifestFile:"Debug\test_bitfield.exe.intermediate.manifest" /MANIFESTUAC:"level='asInvoker' uiAccess='false'" /DEBUG /PDB:"C:\Users\Ermilin.E\Documents\GitHub\mp2-lab1-set\sln\vc10\Debug\test_bitfield.pdb" /SUBSYSTEM:CONSOLE /TLBID:1 /DYNAMICBASE /NXCOMPAT /IMPLIB:"C:\Users\Ermilin.E\Documents\GitHub\mp2-lab1-set\sln\vc10\Debug\test_bitfield.lib" /MACHINE:X86 Debug\test_bitfield.exe.embed.manifest.res
         Debug\test_main.obj
         Debug\test_tbitfield.obj
         Debug\test_tset.obj
         "C:\Users\Ermilin.E\Documents\GitHub\mp2-lab1-set\sln\vc10\Debug\gtest.lib"
         "C:\Users\Ermilin.E\Documents\GitHub\mp2-lab1-set\sln\vc10\Debug\bitfield.lib"
     1>LINK : fatal error LNK1104: cannot open file 'bitfield.lib'
     1>Done Building Project "C:\Users\Ermilin.E\Documents\GitHub\mp2-lab1-set\sln\vc10\test_bitfield\test_bitfield.vcxproj" (build target(s)) -- FAILED.

Build FAILED.

Time Elapsed 00:00:03.44
